This is pdfeTeXk, Version 3.141592-1.21a-2.2 (Web2C 7.5.4) (format=pdflatex 2010.4.9)  9 APR 2010 18:11
entering extended mode
 file:line:error style messages enabled.
**/usr/home/mwheeler/Resume/resume.tex
(/usr/home/mwheeler/Resume/resume.tex
LaTeX2e <2003/12/01>
Babel <v3.8d> and hyphenation patterns for american, french, german, ngerman, b
ahasa, basque, bulgarian, catalan, croatian, czech, danish, dutch, esperanto, e
stonian, finnish, greek, icelandic, irish, italian, latin, magyar, norsk, polis
h, portuges, romanian, russian, serbian, slovak, slovene, spanish, swedish, tur
kish, ukrainian, nohyphenation, loaded.
(./resume.cls
Document Style `resume' <26 Sep 89, Dec 07>.
Document Class: resume 2000/05/19 v1.4b Resume class
(/usr/local/share/texmf-dist/tex/latex/base/article.cls
Document Class: article 2004/02/16 v1.4f Standard LaTeX document class
(/usr/local/share/texmf-dist/tex/latex/base/size10.clo
File: size10.clo 2004/02/16 v1.4f Standard LaTeX file (size option)
)
\c@part=\count79
\c@section=\count80
\c@subsection=\count81
\c@subsubsection=\count82
\c@paragraph=\count83
\c@subparagraph=\count84
\c@figure=\count85
\c@table=\count86
\abovecaptionskip=\skip41
\belowcaptionskip=\skip42
\bibindent=\dimen102
)
\tabular@text=\toks14
\tabular@head=\toks15
\tabular@tail=\toks16
\@ta=\toks17
\undefined@token=\toks18
\sectionwidth=\dimen103
\sectionskip=\skip43
\resumewidth=\dimen104
\@columnwidth=\dimen105
\c@numberofcolumns=\count87
) (./resume.aux)
/usr/home/mwheeler/Resume/resume.tex:12: I can't write on file `resume.aux'.
\document ...ate \openout \@mainaux \jobname .aux 
                                                  \immediate \write \@mainau...
l.12 \begin{document}
                     
Please type another output file name: 
/usr/home/mwheeler/Resume/resume.tex:12: I can't write on file `resume.tex'.
\document ...ate \openout \@mainaux \jobname .aux 
                                                  \immediate \write \@mainau...
l.12 \begin{document}
                     
Please type another output file name: '
\openout1 = `'.tex'.

/usr/home/mwheeler/Resume/resume.tex:12: Interruption.
<to be read again> 
                   \immediate 
l.12 \begin{document}
                     
? '
Type <return> to proceed, S to scroll future error messages,
R to run without stopping, Q to run quietly,
I to insert something, E to edit your file,
H for help, X to quit.
? q
OK, entering \batchmode...
LaTeX Font Info:    Checking defaults for OML/cmm/m/it on input line 12.
LaTeX Font Info:    ... okay on input line 12.
LaTeX Font Info:    Checking defaults for T1/cmr/m/n on input line 12.
LaTeX Font Info:    ... okay on input line 12.
LaTeX Font Info:    Checking defaults for OT1/cmr/m/n on input line 12.
LaTeX Font Info:    ... okay on input line 12.
LaTeX Font Info:    Checking defaults for OMS/cmsy/m/n on input line 12.
LaTeX Font Info:    ... okay on input line 12.
LaTeX Font Info:    Checking defaults for OMX/cmex/m/n on input line 12.
LaTeX Font Info:    ... okay on input line 12.
LaTeX Font Info:    Checking defaults for U/cmr/m/n on input line 12.
LaTeX Font Info:    ... okay on input line 12.
LaTeX Font Info:    External font `cmex10' loaded for size
(Font)              <7> on input line 19.
LaTeX Font Info:    External font `cmex10' loaded for size
(Font)              <5> on input line 19.
Missing character: There is no Ð in font cmr10!
Missing character: There is no Ð in font cmr10!
Missing character: There is no Ð in font cmr10!
Missing character: There is no Ð in font cmr10!
Missing character: There is no Ð in font cmr10!
Missing character: There is no Ð in font cmr10!
Missing character: There is no Ð in font cmr10!
/usr/home/mwheeler/Resume/resume.tex:90: I can't write on file `resume.pdf'.
Please type another file name for output
/usr/home/mwheeler/Resume/resume.tex:90: Emergency stop.
<to be read again> 
                   \endgroup \set@typeset@protect 
l.90     {
          \bf Boyne Smelters Limited}, Boyne Island, Australia \vspace{2mm}\...
*** (job aborted, file error in nonstop mode)

 
Here is how much of TeX's memory you used:
 305 strings out of 94500
 3257 string characters out of 1174974
 53601 words of memory out of 1000000
 3551 multiletter control sequences out of 10000+100000
 6121 words of font info for 22 fonts, out of 500000 for 2000
 580 hyphenation exceptions out of 1000
 29i,6n,21p,1061b,133s stack positions out of 1500i,500n,5000p,200000b,5000s
PDF statistics:
 0 PDF objects out of 300000
 0 named destinations out of 131072
 1 words of extra memory for PDF output out of 65536
/usr/home/mwheeler/Resume/resume.tex:90:  ==> Fatal error occurred, the output 
PDF file is not finished!
